GAS LISTING /tmp/cc2KMxQa.s 			page 1


   1              		.file	"userMain.cpp"
   2              		.option nopic
   3              		.option norelax
   4              		.attribute arch, "rv64i2p0_m2p0_a2p0"
   5              		.attribute unaligned_access, 0
   6              		.attribute stack_align, 16
   7              		.text
   8              	.Ltext0:
   9              		.align	2
  10              		.globl	_Z8userMainv
  12              	_Z8userMainv:
  13              	.LFB0:
  14              		.file 1 "src/userMain.cpp"
   1:src/userMain.cpp **** //RADI: #include "../test/Threads_C_API_test.hpp" // zadatak 2, niti C API i sinhrona promena konte
   2:src/userMain.cpp **** //#include "../test/Threads_CPP_API_test.hpp" // zadatak 2., niti CPP API i sinhrona promena kontek
   3:src/userMain.cpp **** 
   4:src/userMain.cpp **** //#include "../test/ConsumerProducer_C_API_test.h" // zadatak 3., kompletan C API sa semaforima, si
   5:src/userMain.cpp **** //#include "../test/ConsumerProducer_CPP_Sync_API_test.hpp" // zadatak 3., kompletan CPP API sa sem
   6:src/userMain.cpp **** 
   7:src/userMain.cpp **** //RADI: #include "../test/ThreadSleep_C_API_test.hpp" // thread_sleep test C API
   8:src/userMain.cpp **** //#include "../test/ConsumerProducer_CPP_API_test.hpp" // zadatak 4. CPP API i asinhrona promena ko
   9:src/userMain.cpp **** //#include"../test/testing.hpp"
  10:src/userMain.cpp **** //#include"../h/syscall_c.h"
  11:src/userMain.cpp **** //#include"../test/printing.hpp"
  12:src/userMain.cpp **** void userMain() {
  15              		.loc 1 12 17
  16              		.cfi_startproc
  17 0000 130101FF 		addi	sp,sp,-16
  18              		.cfi_def_cfa_offset 16
  19 0004 23348100 		sd	s0,8(sp)
  20              		.cfi_offset 8, -8
  21 0008 13040101 		addi	s0,sp,16
  22              		.cfi_def_cfa 8, 0
  13:src/userMain.cpp ****     //RADI: Threads_C_API_test(); // zadatak 2., niti C API i sinhrona promena konteksta
  14:src/userMain.cpp ****     //RADI: Threads_CPP_API_test(); // zadatak 2., niti CPP API i sinhrona promena konteksta
  15:src/userMain.cpp **** 
  16:src/userMain.cpp ****     //NZM? producerConsumer_C_API(); // zadatak 3., kompletan C API sa semaforima, sinhrona promena
  17:src/userMain.cpp ****     //NZM? producerConsumer_CPP_Sync_API(); // zadatak 3., kompletan CPP API sa semaforima, sinhron
  18:src/userMain.cpp **** 
  19:src/userMain.cpp ****     //RADI: testSleeping(); // thread_sleep test C API
  20:src/userMain.cpp ****     //ConsumerProducerCPP::testConsumerProducer(); // zadatak 4. CPP API i asinhrona promena kontek
  21:src/userMain.cpp ****     //testPeriodicWorker();
  22:src/userMain.cpp ****     //printString("User thread eo ga\n");
  23:src/userMain.cpp ****     //mem_alloc(64);
  24:src/userMain.cpp ****     //asm volatile("csrw sstatus, 0");
  25:src/userMain.cpp ****     
  26:src/userMain.cpp **** }...
  23              		.loc 1 26 1 is_stmt 0
  24 000c 03348100 		ld	s0,8(sp)
  25              		.cfi_restore 8
  26              		.cfi_def_cfa 2, 16
  27 0010 13010101 		addi	sp,sp,16
  28              		.cfi_def_cfa_offset 0
  29 0014 67800000 		jr	ra
  30              		.cfi_endproc
  31              	.LFE0:
  33              	.Letext0:
GAS LISTING /tmp/cc2KMxQa.s 			page 2


GAS LISTING /tmp/cc2KMxQa.s 			page 3


DEFINED SYMBOLS
                            *ABS*:0000000000000000 userMain.cpp
     /tmp/cc2KMxQa.s:12     .text:0000000000000000 _Z8userMainv
     /tmp/cc2KMxQa.s:16     .text:0000000000000000 .L0 
     /tmp/cc2KMxQa.s:17     .text:0000000000000000 .L0 
     /tmp/cc2KMxQa.s:18     .text:0000000000000004 .L0 
     /tmp/cc2KMxQa.s:20     .text:0000000000000008 .L0 
     /tmp/cc2KMxQa.s:22     .text:000000000000000c .L0 
     /tmp/cc2KMxQa.s:24     .text:000000000000000c .L0 
     /tmp/cc2KMxQa.s:25     .text:0000000000000010 .L0 
     /tmp/cc2KMxQa.s:26     .text:0000000000000010 .L0 
     /tmp/cc2KMxQa.s:28     .text:0000000000000014 .L0 
     /tmp/cc2KMxQa.s:30     .text:0000000000000018 .L0 
     /tmp/cc2KMxQa.s:34     .text:0000000000000018 .L0 
     /tmp/cc2KMxQa.s:60     .debug_abbrev:0000000000000000 .Ldebug_abbrev0
     /tmp/cc2KMxQa.s:125    .debug_str:0000000000000049 .LASF0
     /tmp/cc2KMxQa.s:127    .debug_str:000000000000010d .LASF1
     /tmp/cc2KMxQa.s:121    .debug_str:0000000000000000 .LASF2
     /tmp/cc2KMxQa.s:8      .text:0000000000000000 .Ltext0
     /tmp/cc2KMxQa.s:33     .text:0000000000000018 .Letext0
     /tmp/cc2KMxQa.s:119    .debug_line:0000000000000000 .Ldebug_line0
     /tmp/cc2KMxQa.s:129    .debug_str:000000000000011e .LASF3
     /tmp/cc2KMxQa.s:123    .debug_str:000000000000003c .LASF4
     /tmp/cc2KMxQa.s:13     .text:0000000000000000 .LFB0
     /tmp/cc2KMxQa.s:31     .text:0000000000000018 .LFE0
     /tmp/cc2KMxQa.s:35     .debug_info:0000000000000000 .Ldebug_info0

NO UNDEFINED SYMBOLS
