make --dry-run --always-make --keep-going --print-directory
make: Entering directory '/home/ikac/mnt/fax/drugagodina/os1/projekat/zadatak/project'
 
mkdir build
riscv64-unknown-elf-gcc -E  src/asm/interrupt_asm.S > src/asm/interrupt_asm.s
mkdir -p build/src/asm/
riscv64-unknown-elf-as -c -ggdb -march=rv64ima -mabi=lp64 -o build/src/asm/interrupt_asm.o src/asm/interrupt_asm.s
 
riscv64-unknown-elf-gcc -E  src/asm/tcb_asm.S > src/asm/tcb_asm.s
mkdir -p build/src/asm/
riscv64-unknown-elf-as -c -ggdb -march=rv64ima -mabi=lp64 -o build/src/asm/tcb_asm.o src/asm/tcb_asm.s
riscv64-unknown-elf-gcc -E  src/asm/riscv_asm.S > src/asm/riscv_asm.s
mkdir -p build/src/asm/
riscv64-unknown-elf-as -c -ggdb -march=rv64ima -mabi=lp64 -o build/src/asm/riscv_asm.o src/asm/riscv_asm.s
riscv64-unknown-elf-gcc -E  testing/lock.S > testing/lock.s
mkdir -p build/testing/
riscv64-unknown-elf-as -c -ggdb -march=rv64ima -mabi=lp64 -o build/testing/lock.o testing/lock.s
 
mkdir -p build/src/cpp/
riscv64-unknown-elf-g++ -c -Wall -Werror -Og -ggdb -nostdlib -std=c++11 -march=rv64ima -mabi=lp64 -mcmodel=medany -mno-relax -fno-omit-frame-pointer -ffreestanding -fno-common -fno-rtti -fno-threadsafe-statics -fno-stack-protector -D DEBUG_PRINT=0 -MMD -MP -MF"build/src/cpp/interrupt_cpp.d" -Wa,-a,-ad,-alms=build/src/cpp/interrupt_cpp.lst -o build/src/cpp/interrupt_cpp.o src/cpp/interrupt_cpp.cpp
mkdir -p build/src/cpp/
riscv64-unknown-elf-g++ -c -Wall -Werror -Og -ggdb -nostdlib -std=c++11 -march=rv64ima -mabi=lp64 -mcmodel=medany -mno-relax -fno-omit-frame-pointer -ffreestanding -fno-common -fno-rtti -fno-threadsafe-statics -fno-stack-protector -D DEBUG_PRINT=0 -MMD -MP -MF"build/src/cpp/main.d" -Wa,-a,-ad,-alms=build/src/cpp/main.lst -o build/src/cpp/main.o src/cpp/main.cpp
 
mkdir -p build/src/cpp/
riscv64-unknown-elf-g++ -c -Wall -Werror -Og -ggdb -nostdlib -std=c++11 -march=rv64ima -mabi=lp64 -mcmodel=medany -mno-relax -fno-omit-frame-pointer -ffreestanding -fno-common -fno-rtti -fno-threadsafe-statics -fno-stack-protector -D DEBUG_PRINT=0 -MMD -MP -MF"build/src/cpp/memory_allocator.d" -Wa,-a,-ad,-alms=build/src/cpp/memory_allocator.lst -o build/src/cpp/memory_allocator.o src/cpp/memory_allocator.cpp
 
mkdir -p build/src/cpp/
riscv64-unknown-elf-g++ -c -Wall -Werror -Og -ggdb -nostdlib -std=c++11 -march=rv64ima -mabi=lp64 -mcmodel=medany -mno-relax -fno-omit-frame-pointer -ffreestanding -fno-common -fno-rtti -fno-threadsafe-statics -fno-stack-protector -D DEBUG_PRINT=0 -MMD -MP -MF"build/src/cpp/scheduler.d" -Wa,-a,-ad,-alms=build/src/cpp/scheduler.lst -o build/src/cpp/scheduler.o src/cpp/scheduler.cpp
 
mkdir -p build/src/cpp/
riscv64-unknown-elf-g++ -c -Wall -Werror -Og -ggdb -nostdlib -std=c++11 -march=rv64ima -mabi=lp64 -mcmodel=medany -mno-relax -fno-omit-frame-pointer -ffreestanding -fno-common -fno-rtti -fno-threadsafe-statics -fno-stack-protector -D DEBUG_PRINT=0 -MMD -MP -MF"build/src/cpp/tcb.d" -Wa,-a,-ad,-alms=build/src/cpp/tcb.lst -o build/src/cpp/tcb.o src/cpp/tcb.cpp
 
mkdir -p build/src/cpp/
riscv64-unknown-elf-g++ -c -Wall -Werror -Og -ggdb -nostdlib -std=c++11 -march=rv64ima -mabi=lp64 -mcmodel=medany -mno-relax -fno-omit-frame-pointer -ffreestanding -fno-common -fno-rtti -fno-threadsafe-statics -fno-stack-protector -D DEBUG_PRINT=0 -MMD -MP -MF"build/src/cpp/testing.d" -Wa,-a,-ad,-alms=build/src/cpp/testing.lst -o build/src/cpp/testing.o src/cpp/testing.cpp
 
mkdir -p build/src/cpp/
riscv64-unknown-elf-g++ -c -Wall -Werror -Og -ggdb -nostdlib -std=c++11 -march=rv64ima -mabi=lp64 -mcmodel=medany -mno-relax -fno-omit-frame-pointer -ffreestanding -fno-common -fno-rtti -fno-threadsafe-statics -fno-stack-protector -D DEBUG_PRINT=0 -MMD -MP -MF"build/src/cpp/syscall_c.d" -Wa,-a,-ad,-alms=build/src/cpp/syscall_c.lst -o build/src/cpp/syscall_c.o src/cpp/syscall_c.cpp
 
mkdir -p build/src/cpp/
riscv64-unknown-elf-g++ -c -Wall -Werror -Og -ggdb -nostdlib -std=c++11 -march=rv64ima -mabi=lp64 -mcmodel=medany -mno-relax -fno-omit-frame-pointer -ffreestanding -fno-common -fno-rtti -fno-threadsafe-statics -fno-stack-protector -D DEBUG_PRINT=0 -MMD -MP -MF"build/src/cpp/ksemaphore.d" -Wa,-a,-ad,-alms=build/src/cpp/ksemaphore.lst -o build/src/cpp/ksemaphore.o src/cpp/ksemaphore.cpp
 
mkdir -p build/testing/
riscv64-unknown-elf-g++ -c -Wall -Werror -Og -ggdb -nostdlib -std=c++11 -march=rv64ima -mabi=lp64 -mcmodel=medany -mno-relax -fno-omit-frame-pointer -ffreestanding -fno-common -fno-rtti -fno-threadsafe-statics -fno-stack-protector -D DEBUG_PRINT=0 -MMD -MP -MF"build/testing/buffer.d" -Wa,-a,-ad,-alms=build/testing/buffer.lst -o build/testing/buffer.o testing/buffer.cpp
 
mkdir -p build/testing/
riscv64-unknown-elf-g++ -c -Wall -Werror -Og -ggdb -nostdlib -std=c++11 -march=rv64ima -mabi=lp64 -mcmodel=medany -mno-relax -fno-omit-frame-pointer -ffreestanding -fno-common -fno-rtti -fno-threadsafe-statics -fno-stack-protector -D DEBUG_PRINT=0 -MMD -MP -MF"build/testing/buffer_CPP_API.d" -Wa,-a,-ad,-alms=build/testing/buffer_CPP_API.lst -o build/testing/buffer_CPP_API.o testing/buffer_CPP_API.cpp
 
mkdir -p build/testing/
riscv64-unknown-elf-g++ -c -Wall -Werror -Og -ggdb -nostdlib -std=c++11 -march=rv64ima -mabi=lp64 -mcmodel=medany -mno-relax -fno-omit-frame-pointer -ffreestanding -fno-common -fno-rtti -fno-threadsafe-statics -fno-stack-protector -D DEBUG_PRINT=0 -MMD -MP -MF"build/testing/printing.d" -Wa,-a,-ad,-alms=build/testing/printing.lst -o build/testing/printing.o testing/printing.cpp
 
mkdir -p build/testing/
riscv64-unknown-elf-g++ -c -Wall -Werror -Og -ggdb -nostdlib -std=c++11 -march=rv64ima -mabi=lp64 -mcmodel=medany -mno-relax -fno-omit-frame-pointer -ffreestanding -fno-common -fno-rtti -fno-threadsafe-statics -fno-stack-protector -D DEBUG_PRINT=0 -MMD -MP -MF"build/testing/userMain.d" -Wa,-a,-ad,-alms=build/testing/userMain.lst -o build/testing/userMain.o testing/userMain.cpp
 
riscv64-unknown-elf-ld -z max-page-size=4096 --script kernel.ld -o kernel build/src/asm/interrupt_asm.o build/src/asm/tcb_asm.o build/src/asm/riscv_asm.o build/testing/lock.o  build/src/cpp/interrupt_cpp.o build/src/cpp/main.o build/src/cpp/memory_allocator.o build/src/cpp/scheduler.o build/src/cpp/tcb.o build/src/cpp/testing.o build/src/cpp/syscall_c.o build/src/cpp/ksemaphore.o build/testing/buffer.o build/testing/buffer_CPP_API.o build/testing/printing.o build/testing/userMain.o --library-path . --library=:lib/hw.lib --library=:lib/mem.lib --library=:lib/console.lib --library-path . --library=:lib/hw.lib --library=:lib/mem.lib --library=:lib/console.lib
riscv64-unknown-elf-objdump --source kernel > kernel.asm
rm src/asm/interrupt_asm.s testing/lock.s src/asm/tcb_asm.s src/asm/riscv_asm.s
make: Leaving directory '/home/ikac/mnt/fax/drugagodina/os1/projekat/zadatak/project'
 
