make all --print-data-base --no-builtin-variables --no-builtin-rules --question
# GNU Make 4.3
# Built for x86_64-pc-linux-gnu
# Copyright (C) 1988-2020 Free Software Foundation, Inc.
# License GPLv3+: GNU GPL version 3 or later <http://gnu.org/licenses/gpl.html>
# This is free software: you are free to change and redistribute it.
# There is NO WARRANTY, to the extent permitted by law.

# Make data base, printed on Wed May 25 17:07:39 2022
 

# Variables

# makefile (from 'Makefile', line 84)
SOURCES_CPP = $(shell find . -name "*.cpp" -printf "%P ")
# environment
GDK_BACKEND = x11
# makefile (from 'Makefile', line 35)
AS = ${TOOLPREFIX}as
# environment
LC_ALL = C
# makefile (from 'Makefile', line 118)
QEMUGDB = $(shell if ${QEMU} -help | grep -q '^-gdb'; then echo "-gdb tcp::${GDBPORT}"; else echo "-s -p ${GDBPORT}"; fi)
# environment
VSCODE_IPC_HOOK_EXTHOST = /run/user/1000/vscode-ipc-57fd4ace-9f5a-4f67-9c58-5835b5c22174.sock
# makefile (from 'Makefile', line 116)
GDBPORT = $(shell expr `id -u` % 5000 + 25000)
# environment
VSCODE_CWD = /home/ikac
# makefile (from 'Makefile', line 5)
DEBUG_FLAG = -D DEBUG_PRINT=0
# makefile (from 'Makefile', line 10)
LIBS = ${DIR_LIBS}/hw.lib ${DIR_LIBS}/console.lib
# environment
LESS_TERMCAP_me = [0m
# environment
GDM_LANG = en_US.utf8
# default
MAKE_COMMAND := make
# makefile (from 'Makefile', line 1)
DIR_BUILD = build
# environment
QT_ACCESSIBILITY = 1
# automatic
@D = $(patsubst %/,%,$(dir $@))
# makefile (from 'Makefile', line 3)
DIR_INC = h
# environment
VSCODE_HANDLES_UNCAUGHT_ERRORS = true
# default
.VARIABLES := 
# environment
PWD = /home/ikac/mnt/Fax/DrugaGodina/os1/projekat/zadatak/project
# automatic
%D = $(patsubst %/,%,$(dir $%))
# environment
XDG_DATA_DIRS = /usr/local/share:/usr/share:/var/lib/snapd/desktop
# environment
OLDPWD = /home/ikac
# automatic
^D = $(patsubst %/,%,$(dir $^))
# environment
VSCODE_LOG_STACK = true
# automatic
%F = $(notdir $%)
# environment
XDG_SESSION_PATH = /org/freedesktop/DisplayManager/Session0
# environment
LANG = C
# environment
POWERSHELL_UPDATECHECK = Off
# environment
XAUTHORITY = /home/ikac/.Xauthority
# default
.LOADED := 
# environment
LESS_TERMCAP_md = [1;36m
# default
.INCLUDE_DIRS = /usr/local/include /usr/include /usr/include
# makefile
MAKEFLAGS = pqrR
# makefile (from 'Makefile', line 122)
CPU_CORE_COUNT = 1
# environment
LESS_TERMCAP_so = [01;33m
# makefile
CURDIR := /home/ikac/mnt/Fax/DrugaGodina/os1/projekat/zadatak/project
# environment
VSCODE_PIPE_LOGGING = true
# environment
APPLICATION_INSIGHTS_NO_DIAGNOSTIC_CHANNEL = true
# makefile (from 'Makefile', line 70)
LDSCRIPT = kernel.ld
# automatic
*D = $(patsubst %/,%,$(dir $*))
# environment
LESS_TERMCAP_ue = [0m
# environment
MFLAGS = -pqrR
# environment
SSH_AUTH_SOCK = /tmp/ssh-XXXXXXm1ty3g/agent.1103
# default
.SHELLFLAGS := -c
# automatic
+D = $(patsubst %/,%,$(dir $+))
# environment
VSCODE_CRASH_REPORTER_START_OPTIONS = {"companyName":"Microsoft","productName":"Code - OSS","submitURL":"","uploadToServer":false}
# environment
XDG_SESSION_DESKTOP = awesome
# makefile (from 'Makefile', line 1)
MAKEFILE_LIST := Makefile
# makefile (from 'Makefile', line 42)
ASFLAGS = -ggdb -march=rv64ima -mabi=lp64
# automatic
@F = $(notdir $@)
# environment
PT8HOME = /opt/pt
# environment
VSCODE_VERBOSE_LOGGING = true
# environment
VSCODE_PID = 174383
# environment
XDG_SESSION_TYPE = x11
# automatic
?D = $(patsubst %/,%,$(dir $?))
# automatic
*F = $(notdir $*)
# environment
QT_QPA_PLATFORMTHEME = qt5ct
# environment
CHROME_DESKTOP = code-oss-url-handler.desktop
# environment
DBUS_SESSION_BUS_ADDRESS = unix:path=/run/user/1000/bus
# automatic
<D = $(patsubst %/,%,$(dir $<))
# environment
VSCODE_NLS_CONFIG = {"locale":"en-us","availableLanguages":{},"_languagePackSupport":true}
# environment
BREAKPAD_DUMP_LOCATION = /home/ikac/.config/Code - OSS/exthost Crash Reports
# default
MAKE_HOST := x86_64-pc-linux-gnu
# makefile
SHELL = /bin/sh
# environment
LESS_TERMCAP_us = [1;32m
# default
MAKECMDGOALS := all
# environment
XMODIFIERS = @im=ibus
# environment
SHLVL = 0
# environment
MAKELEVEL := 0
# makefile (from 'Makefile', line 40)
OBJDUMP = ${TOOLPREFIX}objdump
# default
MAKE = $(MAKE_COMMAND)
# environment
PATH = /usr/local/sbin:/usr/sbin:/sbin:/usr/local/bin:/usr/bin:/bin:/usr/local/games:/usr/games:/snap/bin:/home/ikac/.dotnet/tools
# environment
LESS_TERMCAP_se = [0m
# default
MAKEFILES := 
# environment
LANGUAGE = en_US:en
# automatic
^F = $(notdir $^)
# environment
COMMAND_NOT_FOUND_INSTALL_PROMPT = 1
# makefile (from 'Makefile', line 72)
LDLIBS = --library-path . $(patsubst %,--library=:%,${LIBS})
# environment
LESS_TERMCAP_mb = [1;31m
# makefile (from 'Makefile', line 7)
KERNEL_IMG = kernel
# makefile (from 'Makefile', line 8)
KERNEL_ASM = kernel.asm
# environment
_JAVA_AWT_WM_NONREPARENTING = 1
# environment
VSCODE_LOG_NATIVE = false
# automatic
?F = $(notdir $?)
# environment
XDG_SEAT = seat0
# environment
GTK_IM_MODULE = ibus
# environment
LS_COLORS = 
# automatic
+F = $(notdir $+)
# environment
XDG_SEAT_PATH = /org/freedesktop/DisplayManager/Seat0
# environment
DESKTOP_SESSION = awesome
# environment
ORIGINAL_XDG_CURRENT_DESKTOP = undefined
# makefile (from 'Makefile', line 85)
OBJECTS = $(addprefix ${DIR_BUILD}/,${SOURCES_ASM:.S=.o}) $(addprefix ${DIR_BUILD}/,${SOURCES:.c=.o}) $(addprefix ${DIR_BUILD}/,${SOURCES_CPP:.cpp=.o})
# 'override' directive
GNUMAKEFLAGS := 
# environment
CLUTTER_IM_MODULE = ibus
# environment
LOGNAME = ikac
# environment
XDG_VTNR = 7
# makefile
.DEFAULT_GOAL := all
# makefile (from 'Makefile', line 33)
QEMU = qemu-system-riscv64
# environment
DISPLAY = :0
# environment
USER = ikac
# environment
GTK_MODULES = gail:atk-bridge
# default
MAKE_VERSION := 4.3
# 'override' directive
.SHELLSTATUS := 0
# makefile (from 'Makefile', line 71)
LDFLAGS = -z max-page-size=4096 --script ${LDSCRIPT}
# environment
SSH_AGENT_PID = 1163
# environment
VSCODE_NODE_CACHED_DATA_DIR = 
# environment
_ = /usr/lib/code-oss/code-oss
# environment
XDG_RUNTIME_DIR = /run/user/1000
# makefile (from 'Makefile', line 55)
CFLAGS = -Wall -Werror -Og -ggdb -nostdlib -march=rv64ima -mabi=lp64 -mcmodel=medany -mno-relax -fno-omit-frame-pointer -ffreestanding -fno-common $(shell ${CC} -fno-stack-protector -E -x c /dev/null >/dev/null 2>&1 && echo -fno-stack-protector) ${DEBUG_FLAG} -MMD -MP -MF"${@:%.o=%.d}" -fno-pie -no-pie
# environment
GPG_AGENT_INFO = /run/user/1000/gnupg/S.gpg-agent:0:1
# environment
POWERSHELL_TELEMETRY_OPTOUT = 1
# environment
XDG_SESSION_CLASS = user
# environment
VSCODE_AMD_ENTRYPOINT = vs/workbench/services/extensions/node/extensionHostProcess
# environment
HOME = /home/ikac
# environment
QT_IM_MODULE = ibus
# makefile (from 'Makefile', line 21)
TOOLPREFIX := riscv64-unknown-elf-
# environment
_JAVA_OPTIONS = -Dawt.useSystemAAFontSettings=on -Dswing.aatext=true
# environment
ELECTRON_RUN_AS_NODE = 1
# environment
VSCODE_IPC_HOOK = /run/user/1000/vscode-5d3dd306-1.56.1-main.sock
# makefile (from 'Makefile', line 2)
DIR_LIBS = lib
# environment
XDG_SESSION_ID = 2
# environment
DOTNET_CLI_TELEMETRY_OPTOUT = 1
# default
.RECIPEPREFIX := 
# automatic
<F = $(notdir $<)
# default
SUFFIXES := 
# makefile (from 'Makefile', line 38)
LD = ${TOOLPREFIX}ld
# environment
QT_AUTO_SCREEN_SCALE_FACTOR = 0
# makefile (from 'Makefile', line 68)
CXXFLAGS = -Wall -Werror -Og -ggdb -nostdlib -std=c++11 -march=rv64ima -mabi=lp64 -mcmodel=medany -mno-relax -fno-omit-frame-pointer -ffreestanding -fno-common $(shell ${CXX} -fno-stack-protector -E -x c /dev/null >/dev/null 2>&1 && echo -fno-stack-protector) ${DEBUG_FLAG} -MMD -MP -MF"${@:%.o=%.d}"
# environment
XDG_GREETER_DATA_DIR = /var/lib/lightdm/data/ikac
# default
.FEATURES := target-specific order-only second-expansion else-if shortest-stem undefine oneshell nocomment grouped-target extra-prereqs archives jobserver output-sync check-symlink load
# makefile (from 'Makefile', line 123)
QEMUOPTS = -machine virt -bios none -kernel ${KERNEL_IMG} -m 128M -smp ${CPU_CORE_COUNT} -nographic
# makefile (from 'Makefile', line 37)
CXX = ${TOOLPREFIX}g++
# makefile (from 'Makefile', line 36)
CC = ${TOOLPREFIX}gcc
# makefile (from 'Makefile', line 39)
OBJCOPY = ${TOOLPREFIX}objcopy
# makefile (from 'Makefile', line 80)
SOURCES = $(shell find . -name "*.c" -printf "%P ")
# makefile (from 'Makefile', line 76)
SOURCES_ASM = $(shell find . -name "*.S" -printf "%P ")
# environment
GDMSESSION = awesome
# variable set hash-table stats:
 
# Load=138/1024=13%, Rehash=0, Collisions=16/280=6%

# Pattern-specific Variable Values

# No pattern-specific variable values.

# Directories

# src/asm (device 2049, inode 262): 6 files, 6 impossibilities.
# src/cpp/src/asm: could not be stat'd.
# src/cpp (device 2049, inode 150): 4 files, no impossibilities so far.
# build (device 2049, inode 38325): 3 files, no impossibilities.
# . (device 2049, inode 119): 15 files, no impossibilities.

# 28 files, 6 impossibilities in 5 directories.

# Implicit Rules

build/%.o: %.cpp Makefile | build
#  recipe to execute (from 'Makefile', line 95):
	@mkdir -p $(dir ${@})
	${CXX} -c ${CXXFLAGS} -Wa,-a,-ad,-alms=${DIR_BUILD}/${<:.cpp=.lst} -o ${@} ${<}

build/%.o: %.c Makefile | build
#  recipe to execute (from 'Makefile', line 99):
	@mkdir -p $(dir ${@})
	${CC} -c ${CFLAGS} -Wa,-a,-ad,-alms=${DIR_BUILD}/${<:.c=.lst} -o ${@} ${<}

build/%.o: %.s Makefile | build
#  recipe to execute (from 'Makefile', line 103):
	@mkdir -p $(dir ${@})
	${AS} -c ${ASFLAGS} -o ${@} ${<}

# 3 implicit rules, 0 (0.0%) terminal.
# Files

# Not a target:
build/src/asm/interrupt_asm.o:
#  Implicit rule search has been done.
#  Last modified 2022-05-25 17:00:35.46
#  File has been updated.
#  Successfully updated.

# Not a target:
build/src/cpp/syscall_c.o:
#  Implicit rule search has not been done.
#  Modification time never checked.
#  File has not been updated.

# Not a target:
src/cpp/main.cpp:
#  Implicit rule search has been done.
#  Last modified 2022-05-25 17:07:25.27
#  File has been updated.
#  Successfully updated.

# Not a target:
.gdbinit.tmpl-riscv:
#  Implicit rule search has not been done.
#  Modification time never checked.
 
#  File has not been updated.

# Not a target:
build/src/cpp/ksemaphore.o:
#  Implicit rule search has not been done.
#  Modification time never checked.
#  File has not been updated.

# Not a target:
%.s:
#  Precious file (prerequisite of .PRECIOUS).
#  Implicit rule search has not been done.
#  Modification time never checked.
#  File has not been updated.

.PRECIOUS: %.s %.o
#  Implicit rule search has not been done.
#  Modification time never checked.
#  File has not been updated.

# Not a target:
build/src/cpp/tcb.o:
#  Implicit rule search has not been done.
#  Modification time never checked.
#  File has not been updated.

# Not a target:
Makefile:
#  Implicit rule search has been done.
#  Last modified 2022-05-24 16:05:01.02
#  File has been updated.
#  Successfully updated.

clean:
#  Implicit rule search has not been done.
#  Modification time never checked.
#  File has not been updated.
#  recipe to execute (from 'Makefile', line 110):
	rm -f *.tex *.dvi *.idx *.aux *.log *.ind *.ilg
	rm -f ${KERNEL_IMG} ${KERNEL_ASM}
	rm -fr ${DIR_BUILD}
	rm -f .gdbinit

# Not a target:
build/src/cpp/testing.o:
#  Implicit rule search has not been done.
#  Modification time never checked.
#  File has not been updated.

 
build/src/cpp/interrupt_cpp.o: src/cpp/interrupt_cpp.cpp Makefile | build
#  Implicit rule search has been done.
#  Implicit/static pattern stem: 'src/cpp/interrupt_cpp'
#  Last modified 2022-05-25 17:00:35.52
#  File has been updated.
#  Successfully updated.
#  recipe to execute (from 'Makefile', line 95):
	@mkdir -p $(dir ${@})
	${CXX} -c ${CXXFLAGS} -Wa,-a,-ad,-alms=${DIR_BUILD}/${<:.cpp=.lst} -o ${@} ${<}

# Not a target:
build/src/cpp/scheduler.o:
#  Implicit rule search has not been done.
#  Modification time never checked.
#  File has not been updated.

kernel: lib/hw.lib lib/console.lib build/src/asm/interrupt_asm.o build/src/asm/tcb_asm.o build/src/cpp/interrupt_cpp.o build/src/cpp/main.o build/src/cpp/memory_allocator.o build/src/cpp/scheduler.o build/src/cpp/tcb.o build/src/cpp/testing.o build/src/cpp/syscall_c.o build/src/cpp/ksemaphore.o kernel.ld | build
#  Implicit rule search has not been done.
#  Last modified 2022-05-25 17:00:35.87
#  File has been updated.
#  Needs to be updated (-q is set).
# variable set hash-table stats:
# Load=0/32=0%, Rehash=0, Collisions=0/13=0%
#  recipe to execute (from 'Makefile', line 91):
	${LD} ${LDFLAGS} -o ${@} ${OBJECTS} ${LDLIBS} ${LDLIBS}
	${OBJDUMP} --source ${KERNEL_IMG} > ${KERNEL_ASM}

# Not a target:
.DEFAULT:
#  Implicit rule search has not been done.
#  Modification time never checked.
#  File has not been updated.

# Not a target:
kernel.ld:
#  Implicit rule search has not been done.
#  Modification time never checked.
#  File has not been updated.

all: kernel
#  Command line target.
#  Implicit rule search has been done.
#  File does not exist.
#  File has been updated.
#  Needs to be updated (-q is set).
 
# variable set hash-table stats:
# Load=0/32=0%, Rehash=0, Collisions=0/13=0%

# Not a target:
src/cpp/interrupt_cpp.cpp:
#  Implicit rule search has been done.
#  Last modified 2022-05-25 14:40:08.95
#  File has been updated.
#  Successfully updated.

build:
#  Implicit rule search has not been done.
#  Last modified 2022-05-25 17:00:35.46
#  File has been updated.
#  Successfully updated.
#  recipe to execute (from 'Makefile', line 107):
	mkdir ${@}

# 'override' directive
build/src/cpp/main.o: .SHELLSTATUS := 0
build/src/cpp/main.o: src/cpp/main.cpp Makefile | build
#  Implicit rule search has been done.
#  Implicit/static pattern stem: 'src/cpp/main'
#  Last modified 2022-05-25 17:00:35.61
#  File has been updated.
#  Needs to be updated (-q is set).
# automatic
# @ := build/src/cpp/main.o
# automatic
# * := src/cpp/main
# automatic
# < := src/cpp/main.cpp
# automatic
# + := src/cpp/main.cpp Makefile
# automatic
# % := 
# automatic
# ^ := src/cpp/main.cpp Makefile
# automatic
# ? := src/cpp/main.cpp
# automatic
# | := build
# variable set hash-table stats:
# Load=9/32=28%, Rehash=0, Collisions=2/27=7%
#  recipe to execute (from 'Makefile', line 95):
	@mkdir -p $(dir ${@})
	${CXX} -c ${CXXFLAGS} -Wa,-a,-ad,-alms=${DIR_BUILD}/${<:.cpp=.lst} -o ${@} ${<}

qemu: kernel
#  Implicit rule search has not been done.
#  Modification time never checked.
#  File has not been updated.
#  recipe to execute (from 'Makefile', line 127):
	${QEMU} ${QEMUOPTS}

# Not a target:
lib/hw.lib:
#  Implicit rule search has been done.
#  Last modified 2022-03-07 13:47:02
#  File has been updated.
#  Successfully updated.

# Not a target:
%.o:
#  Precious file (prerequisite of .PRECIOUS).
#  Implicit rule search has not been done.
#  Modification time never checked.
#  File has not been updated.

# Not a target:
build/src/cpp/memory_allocator.o:
#  Implicit rule search has not been done.
#  Modification time never checked.
#  File has not been updated.

# Not a target:
build/src/asm/tcb_asm.o:
#  Implicit rule search has been done.
#  Last modified 2022-05-25 17:00:35.47
#  File has been updated.
#  Successfully updated.

qemu-gdb: kernel .gdbinit
#  Implicit rule search has not been done.
#  Modification time never checked.
#  File has not been updated.
#  recipe to execute (from 'Makefile', line 133):
	@echo "*** Now run 'gdb-multiarch' in another window with target remote args 'localhost:${GDBPORT}'." 1>&2
	${QEMU} ${QEMUOPTS} -S ${QEMUGDB}

# Not a target:
lib/console.lib:
#  Implicit rule search has been done.
#  Last modified 2022-03-07 13:47:02
#  File has been updated.
#  Successfully updated.

.gdbinit: .gdbinit.tmpl-riscv
#  Implicit rule search has not been done.
#  Modification time never checked.
#  File has not been updated.
#  recipe to execute (from 'Makefile', line 130):
	sed "s/:1234/:${GDBPORT}/" < ${^} > ${@}

# files hash-table stats:
# Load=29/1024=3%, Rehash=0, Collisions=0/98=0%
# VPATH Search Paths

vpath %.S src/asm
vpath %.cpp src/cpp

# 2 'vpath' search paths.

# No general ('VPATH' variable) search path.

# strcache buffers: 1 (0) / strings = 68 / storage = 916 B / avg = 13 B
# current buf: size = 8162 B / used = 916 B / count = 68 / avg = 13 B

# strcache performance: lookups = 128 / hit rate = 46%
# hash-table stats:
# Load=68/8192=1%, Rehash=0, Collisions=0/128=0%
# Finished Make data base on Wed May 25 17:07:39 2022

 
